e:\deca\decore\decore\debug\vc142.pdb
e:\deca\decore\decore\debug\vc142.idb
e:\deca\decore\decore\debug\text.obj
e:\deca\decore\decore\debug\sprite.obj
e:\deca\decore\decore\debug\sound.obj
e:\deca\decore\decore\debug\scene.obj
e:\deca\decore\decore\debug\mainmenu.obj
e:\deca\decore\decore\debug\main.obj
e:\deca\decore\decore\debug\gamewindow.obj
e:\deca\decore\decore\debug\gamestats.obj
e:\deca\decore\decore\debug\gamescene.obj
e:\deca\decore\decore\debug\gameover.obj
e:\deca\decore\decore\debug\gamegrid.obj
e:\deca\decore\decore\debug\gameengine.obj
e:\deca\decore\decore\debug\gameblock.obj
e:\deca\decore\decore\debug\button.obj
e:\deca\decore\bin\debug\x86\decore.pdb
e:\deca\decore\decore\debug\decore.tlog\cl.command.1.tlog
e:\deca\decore\decore\debug\decore.tlog\cl.read.1.tlog
e:\deca\decore\decore\debug\decore.tlog\cl.write.1.tlog
e:\deca\decore\decore\debug\decore.tlog\link-cvtres.read.1.tlog
e:\deca\decore\decore\debug\decore.tlog\link-cvtres.write.1.tlog
e:\deca\decore\decore\debug\decore.tlog\link-rc.read.1.tlog
e:\deca\decore\decore\debug\decore.tlog\link-rc.write.1.tlog
e:\deca\decore\decore\debug\decore.tlog\link.command.1.tlog
e:\deca\decore\decore\debug\decore.tlog\link.read.1.tlog
e:\deca\decore\decore\debug\decore.tlog\link.write.1.tlog
