e:\deca\decore\decore\x64\debug\gameover.obj
e:\deca\decore\decore\x64\debug\mainmenu.obj
e:\deca\decore\decore\x64\debug\gameengine.obj
e:\deca\decore\decore\x64\debug\scene.obj
e:\deca\decore\decore\x64\debug\gameblock.obj
e:\deca\decore\decore\x64\debug\text.obj
e:\deca\decore\decore\x64\debug\gamegrid.obj
e:\deca\decore\decore\x64\debug\sound.obj
e:\deca\decore\decore\x64\debug\button.obj
e:\deca\decore\decore\x64\debug\main.obj
e:\deca\decore\decore\x64\debug\gamestats.obj
e:\deca\decore\decore\x64\debug\gamewindow.obj
e:\deca\decore\decore\x64\debug\sprite.obj
e:\deca\decore\decore\x64\debug\gamescene.obj
e:\deca\decore\decore\x64\debug\vc142.pdb
e:\deca\decore\decore\x64\debug\decore.ilk
e:\deca\decore\bin\debug\x64\decore.exe
e:\deca\decore\bin\debug\x64\decore.pdb
e:\deca\decore\decore\x64\debug\vc142.idb
e:\deca\decore\decore\x64\debug\decore.tlog\cl.1364.write.1.tlog
e:\deca\decore\decore\x64\debug\decore.tlog\cl.command.1.tlog
e:\deca\decore\decore\x64\debug\decore.tlog\cl.read.1.tlog
e:\deca\decore\decore\x64\debug\decore.tlog\link.command.1.tlog
e:\deca\decore\decore\x64\debug\decore.tlog\link.read.1.tlog
e:\deca\decore\decore\x64\debug\decore.tlog\link.write.1.tlog
